<?xml version="1.0" encoding="UTF-8"?>
<!-- Generated by org.testng.reporters.JUnitReportReporter -->
<testsuite hostname="DESKTOP-H9255BB" failures="0" tests="2" name="Git_Practice1.Demo1_GitTest" time="0.021" errors="0" timestamp="2022-01-27T15:33:14 IST" skipped="0">
  <testcase classname="Git_Practice1.Demo1_GitTest" name="sample1Test" time="0.018"/>
  <system-out/>
  <testcase classname="Git_Practice1.Demo1_GitTest" name="sample2Test" time="0.003"/>
  <system-out/>
</testsuite> <!-- Git_Practice1.Demo1_GitTest -->
