<?xml version="1.0" encoding="UTF-8"?>
<!-- Generated by org.testng.reporters.JUnitReportReporter -->
<testsuite hostname="DESKTOP-H9255BB" failures="0" tests="1" name="Git_Practice.Demo_Git" time="0.059" errors="0" timestamp="2022-01-24T17:07:27 IST" skipped="0">
  <testcase classname="Git_Practice.Demo_Git" name="sample1_git" time="0.059"/>
  <system-out/>
</testsuite> <!-- Git_Practice.Demo_Git -->
