<?xml version="1.0" encoding="UTF-8"?>
<!-- Generated by org.testng.reporters.JUnitReportReporter -->
<testsuite hostname="DESKTOP-H9255BB" failures="0" tests="2" name="Git_Practice.Demo_GitTest" time="0.010" errors="0" timestamp="2022-01-27T20:23:54 IST" skipped="0">
  <testcase classname="Git_Practice.Demo_GitTest" name="sample1_gitTest" time="0.010"/>
  <system-out/>
  <testcase classname="Git_Practice.Demo_GitTest" name="sample2_gitTest" time="0.000"/>
  <system-out/>
</testsuite> <!-- Git_Practice.Demo_GitTest -->
